{"total": {"lines":{"total":593,"covered":341,"skipped":0,"pct":57.5},"statements":{"total":729,"covered":356,"skipped":0,"pct":48.83},"functions":{"total":102,"covered":66,"skipped":0,"pct":64.71},"branches":{"total":163,"covered":9,"skipped":0,"pct":5.52}}
,"/root/project/COMFORT/src/codeCoverage/self_defining_generate/104.js": {"lines":{"total":8,"covered":6,"skipped":0,"pct":75},"functions":{"total":2,"covered":2,"skipped":0,"pct":100},"statements":{"total":9,"covered":6,"skipped":0,"pct":66.67},"branches":{"total":2,"covered":0,"skipped":0,"pct":0}}
,"/root/project/COMFORT/src/codeCoverage/self_defining_generate/114.js": {"lines":{"total":6,"covered":5,"skipped":0,"pct":83.33},"functions":{"total":1,"covered":1,"skipped":0,"pct":100},"statements":{"total":6,"covered":5,"skipped":0,"pct":83.33},"branches":{"total":0,"covered":0,"skipped":0,"pct":100}}
,"/root/project/COMFORT/src/codeCoverage/self_defining_generate/115.js": {"lines":{"total":11,"covered":6,"skipped":0,"pct":54.55},"functions":{"total":1,"covered":1,"skipped":0,"pct":100},"statements":{"total":11,"covered":6,"skipped":0,"pct":54.55},"branches":{"total":5,"covered":0,"skipped":0,"pct":0}}
,"/root/project/COMFORT/src/codeCoverage/self_defining_generate/117.js": {"lines":{"total":11,"covered":5,"skipped":0,"pct":45.45},"functions":{"total":1,"covered":1,"skipped":0,"pct":100},"statements":{"total":20,"covered":5,"skipped":0,"pct":25},"branches":{"total":10,"covered":0,"skipped":0,"pct":0}}
,"/root/project/COMFORT/src/codeCoverage/self_defining_generate/123.js": {"lines":{"total":6,"covered":5,"skipped":0,"pct":83.33},"functions":{"total":1,"covered":1,"skipped":0,"pct":100},"statements":{"total":6,"covered":5,"skipped":0,"pct":83.33},"branches":{"total":0,"covered":0,"skipped":0,"pct":100}}
,"/root/project/COMFORT/src/codeCoverage/self_defining_generate/125.js": {"lines":{"total":4,"covered":4,"skipped":0,"pct":100},"functions":{"total":1,"covered":1,"skipped":0,"pct":100},"statements":{"total":4,"covered":4,"skipped":0,"pct":100},"branches":{"total":0,"covered":0,"skipped":0,"pct":100}}
,"/root/project/COMFORT/src/codeCoverage/self_defining_generate/126.js": {"lines":{"total":9,"covered":6,"skipped":0,"pct":66.67},"functions":{"total":2,"covered":1,"skipped":0,"pct":50},"statements":{"total":10,"covered":6,"skipped":0,"pct":60},"branches":{"total":0,"covered":0,"skipped":0,"pct":100}}
,"/root/project/COMFORT/src/codeCoverage/self_defining_generate/136.js": {"lines":{"total":26,"covered":6,"skipped":0,"pct":23.08},"functions":{"total":9,"covered":1,"skipped":0,"pct":11.11},"statements":{"total":38,"covered":7,"skipped":0,"pct":18.42},"branches":{"total":20,"covered":0,"skipped":0,"pct":0}}
,"/root/project/COMFORT/src/codeCoverage/self_defining_generate/144.js": {"lines":{"total":6,"covered":5,"skipped":0,"pct":83.33},"functions":{"total":1,"covered":1,"skipped":0,"pct":100},"statements":{"total":6,"covered":5,"skipped":0,"pct":83.33},"branches":{"total":0,"covered":0,"skipped":0,"pct":100}}
,"/root/project/COMFORT/src/codeCoverage/self_defining_generate/147.js": {"lines":{"total":4,"covered":4,"skipped":0,"pct":100},"functions":{"total":1,"covered":1,"skipped":0,"pct":100},"statements":{"total":4,"covered":4,"skipped":0,"pct":100},"branches":{"total":2,"covered":1,"skipped":0,"pct":50}}
,"/root/project/COMFORT/src/codeCoverage/self_defining_generate/152.js": {"lines":{"total":13,"covered":4,"skipped":0,"pct":30.77},"functions":{"total":2,"covered":1,"skipped":0,"pct":50},"statements":{"total":15,"covered":4,"skipped":0,"pct":26.67},"branches":{"total":6,"covered":0,"skipped":0,"pct":0}}
,"/root/project/COMFORT/src/codeCoverage/self_defining_generate/158.js": {"lines":{"total":11,"covered":5,"skipped":0,"pct":45.45},"functions":{"total":1,"covered":1,"skipped":0,"pct":100},"statements":{"total":12,"covered":5,"skipped":0,"pct":41.67},"branches":{"total":4,"covered":0,"skipped":0,"pct":0}}
,"/root/project/COMFORT/src/codeCoverage/self_defining_generate/165.js": {"lines":{"total":11,"covered":4,"skipped":0,"pct":36.36},"functions":{"total":1,"covered":1,"skipped":0,"pct":100},"statements":{"total":11,"covered":4,"skipped":0,"pct":36.36},"branches":{"total":0,"covered":0,"skipped":0,"pct":100}}
,"/root/project/COMFORT/src/codeCoverage/self_defining_generate/167.js": {"lines":{"total":8,"covered":5,"skipped":0,"pct":62.5},"functions":{"total":1,"covered":1,"skipped":0,"pct":100},"statements":{"total":9,"covered":5,"skipped":0,"pct":55.56},"branches":{"total":2,"covered":0,"skipped":0,"pct":0}}
,"/root/project/COMFORT/src/codeCoverage/self_defining_generate/171.js": {"lines":{"total":12,"covered":6,"skipped":0,"pct":50},"functions":{"total":2,"covered":1,"skipped":0,"pct":50},"statements":{"total":15,"covered":6,"skipped":0,"pct":40},"branches":{"total":2,"covered":0,"skipped":0,"pct":0}}
,"/root/project/COMFORT/src/codeCoverage/self_defining_generate/177.js": {"lines":{"total":10,"covered":6,"skipped":0,"pct":60},"functions":{"total":2,"covered":1,"skipped":0,"pct":50},"statements":{"total":18,"covered":6,"skipped":0,"pct":33.33},"branches":{"total":0,"covered":0,"skipped":0,"pct":100}}
,"/root/project/COMFORT/src/codeCoverage/self_defining_generate/181.js": {"lines":{"total":13,"covered":5,"skipped":0,"pct":38.46},"functions":{"total":1,"covered":1,"skipped":0,"pct":100},"statements":{"total":45,"covered":5,"skipped":0,"pct":11.11},"branches":{"total":4,"covered":0,"skipped":0,"pct":0}}
,"/root/project/COMFORT/src/codeCoverage/self_defining_generate/185.js": {"lines":{"total":7,"covered":7,"skipped":0,"pct":100},"functions":{"total":1,"covered":1,"skipped":0,"pct":100},"statements":{"total":7,"covered":7,"skipped":0,"pct":100},"branches":{"total":4,"covered":3,"skipped":0,"pct":75}}
,"/root/project/COMFORT/src/codeCoverage/self_defining_generate/189.js": {"lines":{"total":8,"covered":8,"skipped":0,"pct":100},"functions":{"total":1,"covered":1,"skipped":0,"pct":100},"statements":{"total":8,"covered":8,"skipped":0,"pct":100},"branches":{"total":0,"covered":0,"skipped":0,"pct":100}}
,"/root/project/COMFORT/src/codeCoverage/self_defining_generate/19.js": {"lines":{"total":20,"covered":20,"skipped":0,"pct":100},"functions":{"total":1,"covered":1,"skipped":0,"pct":100},"statements":{"total":32,"covered":32,"skipped":0,"pct":100},"branches":{"total":0,"covered":0,"skipped":0,"pct":100}}
,"/root/project/COMFORT/src/codeCoverage/self_defining_generate/190.js": {"lines":{"total":7,"covered":5,"skipped":0,"pct":71.43},"functions":{"total":1,"covered":1,"skipped":0,"pct":100},"statements":{"total":7,"covered":5,"skipped":0,"pct":71.43},"branches":{"total":2,"covered":0,"skipped":0,"pct":0}}
,"/root/project/COMFORT/src/codeCoverage/self_defining_generate/200.js": {"lines":{"total":8,"covered":3,"skipped":0,"pct":37.5},"functions":{"total":3,"covered":1,"skipped":0,"pct":33.33},"statements":{"total":8,"covered":3,"skipped":0,"pct":37.5},"branches":{"total":0,"covered":0,"skipped":0,"pct":100}}
,"/root/project/COMFORT/src/codeCoverage/self_defining_generate/209.js": {"lines":{"total":4,"covered":3,"skipped":0,"pct":75},"functions":{"total":1,"covered":1,"skipped":0,"pct":100},"statements":{"total":4,"covered":3,"skipped":0,"pct":75},"branches":{"total":0,"covered":0,"skipped":0,"pct":100}}
,"/root/project/COMFORT/src/codeCoverage/self_defining_generate/223.js": {"lines":{"total":8,"covered":5,"skipped":0,"pct":62.5},"functions":{"total":1,"covered":1,"skipped":0,"pct":100},"statements":{"total":8,"covered":5,"skipped":0,"pct":62.5},"branches":{"total":0,"covered":0,"skipped":0,"pct":100}}
,"/root/project/COMFORT/src/codeCoverage/self_defining_generate/225.js": {"lines":{"total":6,"covered":4,"skipped":0,"pct":66.67},"functions":{"total":1,"covered":1,"skipped":0,"pct":100},"statements":{"total":7,"covered":4,"skipped":0,"pct":57.14},"branches":{"total":0,"covered":0,"skipped":0,"pct":100}}
,"/root/project/COMFORT/src/codeCoverage/self_defining_generate/230.js": {"lines":{"total":7,"covered":5,"skipped":0,"pct":71.43},"functions":{"total":1,"covered":1,"skipped":0,"pct":100},"statements":{"total":7,"covered":5,"skipped":0,"pct":71.43},"branches":{"total":2,"covered":0,"skipped":0,"pct":0}}
,"/root/project/COMFORT/src/codeCoverage/self_defining_generate/252.js": {"lines":{"total":7,"covered":5,"skipped":0,"pct":71.43},"functions":{"total":1,"covered":1,"skipped":0,"pct":100},"statements":{"total":7,"covered":5,"skipped":0,"pct":71.43},"branches":{"total":4,"covered":1,"skipped":0,"pct":25}}
,"/root/project/COMFORT/src/codeCoverage/self_defining_generate/256.js": {"lines":{"total":18,"covered":5,"skipped":0,"pct":27.78},"functions":{"total":2,"covered":1,"skipped":0,"pct":50},"statements":{"total":23,"covered":5,"skipped":0,"pct":21.74},"branches":{"total":8,"covered":0,"skipped":0,"pct":0}}
,"/root/project/COMFORT/src/codeCoverage/self_defining_generate/265.js": {"lines":{"total":7,"covered":6,"skipped":0,"pct":85.71},"functions":{"total":1,"covered":1,"skipped":0,"pct":100},"statements":{"total":7,"covered":6,"skipped":0,"pct":85.71},"branches":{"total":0,"covered":0,"skipped":0,"pct":100}}
,"/root/project/COMFORT/src/codeCoverage/self_defining_generate/27.js": {"lines":{"total":8,"covered":6,"skipped":0,"pct":75},"functions":{"total":3,"covered":1,"skipped":0,"pct":33.33},"statements":{"total":8,"covered":6,"skipped":0,"pct":75},"branches":{"total":0,"covered":0,"skipped":0,"pct":100}}
,"/root/project/COMFORT/src/codeCoverage/self_defining_generate/273.js": {"lines":{"total":6,"covered":4,"skipped":0,"pct":66.67},"functions":{"total":1,"covered":1,"skipped":0,"pct":100},"statements":{"total":6,"covered":4,"skipped":0,"pct":66.67},"branches":{"total":0,"covered":0,"skipped":0,"pct":100}}
,"/root/project/COMFORT/src/codeCoverage/self_defining_generate/28.js": {"lines":{"total":7,"covered":5,"skipped":0,"pct":71.43},"functions":{"total":1,"covered":1,"skipped":0,"pct":100},"statements":{"total":7,"covered":5,"skipped":0,"pct":71.43},"branches":{"total":2,"covered":0,"skipped":0,"pct":0}}
,"/root/project/COMFORT/src/codeCoverage/self_defining_generate/290.js": {"lines":{"total":5,"covered":3,"skipped":0,"pct":60},"functions":{"total":1,"covered":1,"skipped":0,"pct":100},"statements":{"total":7,"covered":5,"skipped":0,"pct":71.43},"branches":{"total":2,"covered":1,"skipped":0,"pct":50}}
,"/root/project/COMFORT/src/codeCoverage/self_defining_generate/304.js": {"lines":{"total":6,"covered":5,"skipped":0,"pct":83.33},"functions":{"total":1,"covered":1,"skipped":0,"pct":100},"statements":{"total":6,"covered":5,"skipped":0,"pct":83.33},"branches":{"total":2,"covered":1,"skipped":0,"pct":50}}
,"/root/project/COMFORT/src/codeCoverage/self_defining_generate/305.js": {"lines":{"total":7,"covered":5,"skipped":0,"pct":71.43},"functions":{"total":1,"covered":1,"skipped":0,"pct":100},"statements":{"total":7,"covered":5,"skipped":0,"pct":71.43},"branches":{"total":2,"covered":0,"skipped":0,"pct":0}}
,"/root/project/COMFORT/src/codeCoverage/self_defining_generate/312.js": {"lines":{"total":6,"covered":5,"skipped":0,"pct":83.33},"functions":{"total":1,"covered":1,"skipped":0,"pct":100},"statements":{"total":6,"covered":5,"skipped":0,"pct":83.33},"branches":{"total":0,"covered":0,"skipped":0,"pct":100}}
,"/root/project/COMFORT/src/codeCoverage/self_defining_generate/315.js": {"lines":{"total":8,"covered":6,"skipped":0,"pct":75},"functions":{"total":1,"covered":1,"skipped":0,"pct":100},"statements":{"total":8,"covered":6,"skipped":0,"pct":75},"branches":{"total":0,"covered":0,"skipped":0,"pct":100}}
,"/root/project/COMFORT/src/codeCoverage/self_defining_generate/317.js": {"lines":{"total":13,"covered":5,"skipped":0,"pct":38.46},"functions":{"total":1,"covered":1,"skipped":0,"pct":100},"statements":{"total":14,"covered":5,"skipped":0,"pct":35.71},"branches":{"total":2,"covered":0,"skipped":0,"pct":0}}
,"/root/project/COMFORT/src/codeCoverage/self_defining_generate/318.js": {"lines":{"total":17,"covered":4,"skipped":0,"pct":23.53},"functions":{"total":1,"covered":1,"skipped":0,"pct":100},"statements":{"total":19,"covered":4,"skipped":0,"pct":21.05},"branches":{"total":8,"covered":0,"skipped":0,"pct":0}}
,"/root/project/COMFORT/src/codeCoverage/self_defining_generate/328.js": {"lines":{"total":6,"covered":5,"skipped":0,"pct":83.33},"functions":{"total":1,"covered":1,"skipped":0,"pct":100},"statements":{"total":6,"covered":5,"skipped":0,"pct":83.33},"branches":{"total":0,"covered":0,"skipped":0,"pct":100}}
,"/root/project/COMFORT/src/codeCoverage/self_defining_generate/336.js": {"lines":{"total":7,"covered":7,"skipped":0,"pct":100},"functions":{"total":1,"covered":1,"skipped":0,"pct":100},"statements":{"total":7,"covered":7,"skipped":0,"pct":100},"branches":{"total":6,"covered":2,"skipped":0,"pct":33.33}}
,"/root/project/COMFORT/src/codeCoverage/self_defining_generate/338.js": {"lines":{"total":14,"covered":5,"skipped":0,"pct":35.71},"functions":{"total":1,"covered":1,"skipped":0,"pct":100},"statements":{"total":14,"covered":5,"skipped":0,"pct":35.71},"branches":{"total":4,"covered":0,"skipped":0,"pct":0}}
,"/root/project/COMFORT/src/codeCoverage/self_defining_generate/346.js": {"lines":{"total":8,"covered":5,"skipped":0,"pct":62.5},"functions":{"total":1,"covered":1,"skipped":0,"pct":100},"statements":{"total":8,"covered":5,"skipped":0,"pct":62.5},"branches":{"total":0,"covered":0,"skipped":0,"pct":100}}
,"/root/project/COMFORT/src/codeCoverage/self_defining_generate/357.js": {"lines":{"total":6,"covered":4,"skipped":0,"pct":66.67},"functions":{"total":1,"covered":1,"skipped":0,"pct":100},"statements":{"total":6,"covered":4,"skipped":0,"pct":66.67},"branches":{"total":3,"covered":0,"skipped":0,"pct":0}}
,"/root/project/COMFORT/src/codeCoverage/self_defining_generate/37.js": {"lines":{"total":10,"covered":5,"skipped":0,"pct":50},"functions":{"total":1,"covered":1,"skipped":0,"pct":100},"statements":{"total":10,"covered":5,"skipped":0,"pct":50},"branches":{"total":7,"covered":0,"skipped":0,"pct":0}}
,"/root/project/COMFORT/src/codeCoverage/self_defining_generate/373.js": {"lines":{"total":6,"covered":5,"skipped":0,"pct":83.33},"functions":{"total":2,"covered":1,"skipped":0,"pct":50},"statements":{"total":6,"covered":5,"skipped":0,"pct":83.33},"branches":{"total":0,"covered":0,"skipped":0,"pct":100}}
,"/root/project/COMFORT/src/codeCoverage/self_defining_generate/382.js": {"lines":{"total":6,"covered":4,"skipped":0,"pct":66.67},"functions":{"total":1,"covered":1,"skipped":0,"pct":100},"statements":{"total":6,"covered":4,"skipped":0,"pct":66.67},"branches":{"total":0,"covered":0,"skipped":0,"pct":100}}
,"/root/project/COMFORT/src/codeCoverage/self_defining_generate/40.js": {"lines":{"total":10,"covered":6,"skipped":0,"pct":60},"functions":{"total":2,"covered":1,"skipped":0,"pct":50},"statements":{"total":22,"covered":6,"skipped":0,"pct":27.27},"branches":{"total":0,"covered":0,"skipped":0,"pct":100}}
,"/root/project/COMFORT/src/codeCoverage/self_defining_generate/400.js": {"lines":{"total":5,"covered":4,"skipped":0,"pct":80},"functions":{"total":1,"covered":1,"skipped":0,"pct":100},"statements":{"total":5,"covered":4,"skipped":0,"pct":80},"branches":{"total":2,"covered":0,"skipped":0,"pct":0}}
,"/root/project/COMFORT/src/codeCoverage/self_defining_generate/407.js": {"lines":{"total":9,"covered":4,"skipped":0,"pct":44.44},"functions":{"total":1,"covered":1,"skipped":0,"pct":100},"statements":{"total":10,"covered":4,"skipped":0,"pct":40},"branches":{"total":6,"covered":0,"skipped":0,"pct":0}}
,"/root/project/COMFORT/src/codeCoverage/self_defining_generate/410.js": {"lines":{"total":5,"covered":4,"skipped":0,"pct":80},"functions":{"total":1,"covered":1,"skipped":0,"pct":100},"statements":{"total":5,"covered":4,"skipped":0,"pct":80},"branches":{"total":0,"covered":0,"skipped":0,"pct":100}}
,"/root/project/COMFORT/src/codeCoverage/self_defining_generate/411.js": {"lines":{"total":11,"covered":4,"skipped":0,"pct":36.36},"functions":{"total":1,"covered":1,"skipped":0,"pct":100},"statements":{"total":11,"covered":4,"skipped":0,"pct":36.36},"branches":{"total":2,"covered":0,"skipped":0,"pct":0}}
,"/root/project/COMFORT/src/codeCoverage/self_defining_generate/414.js": {"lines":{"total":13,"covered":6,"skipped":0,"pct":46.15},"functions":{"total":2,"covered":1,"skipped":0,"pct":50},"statements":{"total":22,"covered":6,"skipped":0,"pct":27.27},"branches":{"total":10,"covered":0,"skipped":0,"pct":0}}
,"/root/project/COMFORT/src/codeCoverage/self_defining_generate/42.js": {"lines":{"total":6,"covered":5,"skipped":0,"pct":83.33},"functions":{"total":1,"covered":1,"skipped":0,"pct":100},"statements":{"total":6,"covered":5,"skipped":0,"pct":83.33},"branches":{"total":0,"covered":0,"skipped":0,"pct":100}}
,"/root/project/COMFORT/src/codeCoverage/self_defining_generate/421.js": {"lines":{"total":4,"covered":4,"skipped":0,"pct":100},"functions":{"total":1,"covered":1,"skipped":0,"pct":100},"statements":{"total":4,"covered":4,"skipped":0,"pct":100},"branches":{"total":0,"covered":0,"skipped":0,"pct":100}}
,"/root/project/COMFORT/src/codeCoverage/self_defining_generate/427.js": {"lines":{"total":9,"covered":6,"skipped":0,"pct":66.67},"functions":{"total":2,"covered":1,"skipped":0,"pct":50},"statements":{"total":10,"covered":6,"skipped":0,"pct":60},"branches":{"total":0,"covered":0,"skipped":0,"pct":100}}
,"/root/project/COMFORT/src/codeCoverage/self_defining_generate/435.js": {"lines":{"total":6,"covered":5,"skipped":0,"pct":83.33},"functions":{"total":1,"covered":1,"skipped":0,"pct":100},"statements":{"total":6,"covered":5,"skipped":0,"pct":83.33},"branches":{"total":0,"covered":0,"skipped":0,"pct":100}}
,"/root/project/COMFORT/src/codeCoverage/self_defining_generate/437.js": {"lines":{"total":7,"covered":6,"skipped":0,"pct":85.71},"functions":{"total":1,"covered":1,"skipped":0,"pct":100},"statements":{"total":7,"covered":6,"skipped":0,"pct":85.71},"branches":{"total":2,"covered":0,"skipped":0,"pct":0}}
,"/root/project/COMFORT/src/codeCoverage/self_defining_generate/438.js": {"lines":{"total":7,"covered":5,"skipped":0,"pct":71.43},"functions":{"total":1,"covered":1,"skipped":0,"pct":100},"statements":{"total":7,"covered":5,"skipped":0,"pct":71.43},"branches":{"total":0,"covered":0,"skipped":0,"pct":100}}
,"/root/project/COMFORT/src/codeCoverage/self_defining_generate/446.js": {"lines":{"total":8,"covered":6,"skipped":0,"pct":75},"functions":{"total":1,"covered":1,"skipped":0,"pct":100},"statements":{"total":9,"covered":6,"skipped":0,"pct":66.67},"branches":{"total":0,"covered":0,"skipped":0,"pct":100}}
,"/root/project/COMFORT/src/codeCoverage/self_defining_generate/452.js": {"lines":{"total":8,"covered":4,"skipped":0,"pct":50},"functions":{"total":1,"covered":1,"skipped":0,"pct":100},"statements":{"total":8,"covered":4,"skipped":0,"pct":50},"branches":{"total":2,"covered":0,"skipped":0,"pct":0}}
,"/root/project/COMFORT/src/codeCoverage/self_defining_generate/47.js": {"lines":{"total":14,"covered":5,"skipped":0,"pct":35.71},"functions":{"total":1,"covered":1,"skipped":0,"pct":100},"statements":{"total":17,"covered":5,"skipped":0,"pct":29.41},"branches":{"total":8,"covered":0,"skipped":0,"pct":0}}
,"/root/project/COMFORT/src/codeCoverage/self_defining_generate/5.js": {"lines":{"total":11,"covered":4,"skipped":0,"pct":36.36},"functions":{"total":4,"covered":1,"skipped":0,"pct":25},"statements":{"total":12,"covered":4,"skipped":0,"pct":33.33},"branches":{"total":2,"covered":0,"skipped":0,"pct":0}}
,"/root/project/COMFORT/src/codeCoverage/self_defining_generate/59.js": {"lines":{"total":31,"covered":8,"skipped":0,"pct":25.81},"functions":{"total":13,"covered":1,"skipped":0,"pct":7.69},"statements":{"total":46,"covered":8,"skipped":0,"pct":17.39},"branches":{"total":14,"covered":0,"skipped":0,"pct":0}}
,"/root/project/COMFORT/src/codeCoverage/self_defining_generate/60.js": {"lines":{"total":7,"covered":4,"skipped":0,"pct":57.14},"functions":{"total":1,"covered":1,"skipped":0,"pct":100},"statements":{"total":7,"covered":4,"skipped":0,"pct":57.14},"branches":{"total":0,"covered":0,"skipped":0,"pct":100}}
}
